<?xml version="1.0" encoding="UTF-8"?>
<!-- Generated by org.testng.reporters.JUnitXMLReporter -->
<testsuite hostname="LND-4FXHB2S-DX" ignored="0" name="Default test" tests="3" failures="1" timestamp="25 Jan 2018 08:01:53 GMT" time="24.368" errors="0">
  <testcase name="checkIfSignUpLinkIsClickable" time="2.091" classname="test.TestRegistration"/>
  <testcase name="checkIfLearnerButtonIsClickable" time="0.366" classname="test.TestRegistration"/>
  <testcase name="checkIfUserCanRegister" time="0.0" classname="test.TestRegistration">
    <failure type="org.testng.TestNGException" message="
Parameter &amp;apos;birthMonth2&amp;apos; is required by @Test on method checkIfUserCanRegister but has not been marked @Optional or defined
in C:\Users\tr_lnd_user\AppData\Local\Temp\testng-eclipse-173522718\testng-customsuite.xml">
      <![CDATA[org.testng.TestNGException: Parameter 'birthMonth2' is required by @Test on method checkIfUserCanRegister but has not been marked @Optional or definedin C:\Users\tr_lnd_user\AppData\Local\Temp\testng-eclipse-173522718\testng-customsuite.xmlat org.testng.internal.Parameters.createParams(Parameters.java:290)at org.testng.internal.Parameters.createParametersForMethod(Parameters.java:359)at org.testng.internal.Parameters.createParameters(Parameters.java:620)at org.testng.internal.Parameters.handleParameters(Parameters.java:769)at org.testng.internal.ParameterHandler.handleParameters(ParameterHandler.java:49)at org.testng.internal.ParameterHandler.createParameters(ParameterHandler.java:37)at org.testng.internal.Invoker.invokeTestMethods(Invoker.java:914)at org.testng.internal.TestMethodWorker.invokeTestMethods(TestMethodWorker.java:125)at org.testng.internal.TestMethodWorker.run(TestMethodWorker.java:109)at org.testng.TestRunner.privateRun(TestRunner.java:648)at org.testng.TestRunner.run(TestRunner.java:505)at org.testng.SuiteRunner.runTest(SuiteRunner.java:455)at org.testng.SuiteRunner.runSequentially(SuiteRunner.java:450)at org.testng.SuiteRunner.privateRun(SuiteRunner.java:415)at org.testng.SuiteRunner.run(SuiteRunner.java:364)at org.testng.SuiteRunnerWorker.runSuite(SuiteRunnerWorker.java:52)at org.testng.SuiteRunnerWorker.run(SuiteRunnerWorker.java:84)at org.testng.TestNG.runSuitesSequentially(TestNG.java:1187)at org.testng.TestNG.runSuitesLocally(TestNG.java:1116)at org.testng.TestNG.runSuites(TestNG.java:1028)at org.testng.TestNG.run(TestNG.java:996)at org.testng.remote.AbstractRemoteTestNG.run(AbstractRemoteTestNG.java:114)at org.testng.remote.RemoteTestNG.initAndRun(RemoteTestNG.java:251)at org.testng.remote.RemoteTestNG.main(RemoteTestNG.java:77)]]>
    </failure>
  </testcase> <!-- checkIfUserCanRegister -->
</testsuite> <!-- Default test -->
